<?xml version="1.0" encoding="UTF-8"?>
<!-- Generated by org.testng.reporters.JUnitXMLReporter -->
<testsuite hostname="Praneeth" ignored="2" name="TestingGroups" tests="2" failures="0" timestamp="08 Jan 2018 19:16:05 GMT" time="0.062" errors="0">
  <testcase name="test1" time="0.016" classname="testNGPackage.GroupTest"/>
  <testcase name="test3" time="0.0" classname="testNGPackage.GroupTest"/>
  <testcase name="test2" time="0.0" classname="testNGPackage.GroupTest">
    <ignored/>
  </testcase> <!-- test2 -->
  <testcase name="test4" time="0.0" classname="testNGPackage.GroupTest">
    <ignored/>
  </testcase> <!-- test4 -->
</testsuite> <!-- TestingGroups -->
