<?xml version="1.0" encoding="UTF-8"?>
<!-- Generated by org.testng.reporters.JUnitXMLReporter -->
<testsuite hostname="Praneeth" ignored="0" name="Default test" tests="3" failures="0" timestamp="09 Jan 2018 18:20:13 GMT" time="109.456" errors="0">
  <testcase name="loginPageTest" time="15.349" classname="com.crm.qa.testClasses.LoginPageTest"/>
  <testcase name="loginPageTest" time="0.475" classname="com.crm.qa.testClasses.LoginPageTest"/>
  <testcase name="loginPageTest" time="0.486" classname="com.crm.qa.testClasses.LoginPageTest"/>
</testsuite> <!-- Default test -->
